# JRE version: Java(TM) SE Runtime Environment (8.0_131-b11) (build 1.8.0_131-b11)
# Java VM: Java HotSpot(TM) 64-Bit Server VM (25.131-b11 mixed mode windows-amd64 compressed oops)
Heap:
 PSYoungGen      total 256000K, used 190306K [0x000000076c000000, 0x000000077d900000, 0x00000007c0000000)
  eden space 247296K, 73% used [0x000000076c000000,0x00000007771c2940,0x000000077b180000)
  from space 8704K, 95% used [0x000000077d080000,0x000000077d896190,0x000000077d900000)
  to   space 19968K, 0% used [0x000000077b200000,0x000000077b200000,0x000000077c580000)
 ParOldGen       total 188928K, used 24150K [0x00000006c4000000, 0x00000006cf880000, 0x000000076c000000)
  object space 188928K, 12% used [0x00000006c4000000,0x00000006c5795858,0x00000006cf880000)
 Metaspace       used 44061K, capacity 44574K, committed 44848K, reserved 1089536K
  class space    used 4997K, capacity 5130K, committed 5168K, reserved 1048576K
GC Heap History (10 events):
Event: 3.195 GC heap before
{Heap before GC invocations=4 (full 1):
 PSYoungGen      total 139776K, used 129024K [0x000000076c000000, 0x0000000775300000, 0x00000007c0000000)
  eden space 129024K, 100% used [0x000000076c000000,0x0000000773e00000,0x0000000773e00000)
  from space 10752K, 0% used [0x0000000774880000,0x0000000774880000,0x0000000775300000)
  to   space 10752K, 0% used [0x0000000773e00000,0x0000000773e00000,0x0000000774880000)
 ParOldGen       total 111616K, used 9946K [0x00000006c4000000, 0x00000006cad00000, 0x000000076c000000)
  object space 111616K, 8% used [0x00000006c4000000,0x00000006c49b6920,0x00000006cad00000)
 Metaspace       used 28226K, capacity 28590K, committed 28976K, reserved 1075200K
  class space    used 3440K, capacity 3540K, committed 3632K, reserved 1048576K
Event: 3.203 GC heap after
Heap after GC invocations=4 (full 1):
 PSYoungGen      total 139776K, used 10745K [0x000000076c000000, 0x0000000778200000, 0x00000007c0000000)
  eden space 129024K, 0% used [0x000000076c000000,0x000000076c000000,0x0000000773e00000)
  from space 10752K, 99% used [0x0000000773e00000,0x000000077487e588,0x0000000774880000)
  to   space 10752K, 0% used [0x0000000777780000,0x0000000777780000,0x0000000778200000)
 ParOldGen       total 111616K, used 13246K [0x00000006c4000000, 0x00000006cad00000, 0x000000076c000000)
  object space 111616K, 11% used [0x00000006c4000000,0x00000006c4cef848,0x00000006cad00000)
 Metaspace       used 28226K, capacity 28590K, committed 28976K, reserved 1075200K
  class space    used 3440K, capacity 3540K, committed 3632K, reserved 1048576K
}
Event: 4.102 GC heap before
{Heap before GC invocations=5 (full 1):
 PSYoungGen      total 139776K, used 139769K [0x000000076c000000, 0x0000000778200000, 0x00000007c0000000)
  eden space 129024K, 100% used [0x000000076c000000,0x0000000773e00000,0x0000000773e00000)
  from space 10752K, 99% used [0x0000000773e00000,0x000000077487e588,0x0000000774880000)
  to   space 10752K, 0% used [0x0000000777780000,0x0000000777780000,0x0000000778200000)
 ParOldGen       total 111616K, used 13246K [0x00000006c4000000, 0x00000006cad00000, 0x000000076c000000)
  object space 111616K, 11% used [0x00000006c4000000,0x00000006c4cef848,0x00000006cad00000)
 Metaspace       used 33571K, capacity 33960K, committed 34224K, reserved 1079296K
  class space    used 4112K, capacity 4227K, committed 4272K, reserved 1048576K
Event: 4.112 GC heap after
Heap after GC invocations=5 (full 1):
 PSYoungGen      total 187392K, used 10729K [0x000000076c000000, 0x0000000778200000, 0x00000007c0000000)
  eden space 176640K, 0% used [0x000000076c000000,0x000000076c000000,0x0000000776c80000)
  from space 10752K, 99% used [0x0000000777780000,0x00000007781fa490,0x0000000778200000)
  to   space 10752K, 0% used [0x0000000776d00000,0x0000000776d00000,0x0000000777780000)
 ParOldGen       total 111616K, used 20876K [0x00000006c4000000, 0x00000006cad00000, 0x000000076c000000)
  object space 111616K, 18% used [0x00000006c4000000,0x00000006c5463228,0x00000006cad00000)
 Metaspace       used 33571K, capacity 33960K, committed 34224K, reserved 1079296K
  class space    used 4112K, capacity 4227K, committed 4272K, reserved 1048576K
}
Event: 4.307 GC heap before
{Heap before GC invocations=6 (full 1):
 PSYoungGen      total 187392K, used 47770K [0x000000076c000000, 0x0000000778200000, 0x00000007c0000000)
  eden space 176640K, 20% used [0x000000076c000000,0x000000076e42c740,0x0000000776c80000)
  from space 10752K, 99% used [0x0000000777780000,0x00000007781fa490,0x0000000778200000)
  to   space 10752K, 0% used [0x0000000776d00000,0x0000000776d00000,0x0000000777780000)
 ParOldGen       total 111616K, used 20876K [0x00000006c4000000, 0x00000006cad00000, 0x000000076c000000)
  object space 111616K, 18% used [0x00000006c4000000,0x00000006c5463228,0x00000006cad00000)
 Metaspace       used 34783K, capacity 35220K, committed 35496K, reserved 1081344K
  class space    used 4196K, capacity 4309K, committed 4400K, reserved 1048576K
Event: 4.314 GC heap after
Heap after GC invocations=6 (full 1):
 PSYoungGen      total 187904K, used 10732K [0x000000076c000000, 0x000000077e380000, 0x00000007c0000000)
  eden space 177152K, 0% used [0x000000076c000000,0x000000076c000000,0x0000000776d00000)
  from space 10752K, 99% used [0x0000000776d00000,0x000000077777b010,0x0000000777780000)
  to   space 19456K, 0% used [0x000000077d080000,0x000000077d080000,0x000000077e380000)
 ParOldGen       total 111616K, used 24549K [0x00000006c4000000, 0x00000006cad00000, 0x000000076c000000)
  object space 111616K, 21% used [0x00000006c4000000,0x00000006c57f95d0,0x00000006cad00000)
 Metaspace       used 34783K, capacity 35220K, committed 35496K, reserved 1081344K
  class space    used 4196K, capacity 4309K, committed 4400K, reserved 1048576K
}
Event: 4.314 GC heap before
{Heap before GC invocations=7 (full 2):
 PSYoungGen      total 187904K, used 10732K [0x000000076c000000, 0x000000077e380000, 0x00000007c0000000)
  eden space 177152K, 0% used [0x000000076c000000,0x000000076c000000,0x0000000776d00000)
  from space 10752K, 99% used [0x0000000776d00000,0x000000077777b010,0x0000000777780000)
  to   space 19456K, 0% used [0x000000077d080000,0x000000077d080000,0x000000077e380000)
 ParOldGen       total 111616K, used 24549K [0x00000006c4000000, 0x00000006cad00000, 0x000000076c000000)
  object space 111616K, 21% used [0x00000006c4000000,0x00000006c57f95d0,0x00000006cad00000)
 Metaspace       used 34783K, capacity 35220K, committed 35496K, reserved 1081344K
  class space    used 4196K, capacity 4309K, committed 4400K, reserved 1048576K
Event: 4.366 GC heap after
Heap after GC invocations=7 (full 2):
 PSYoungGen      total 187904K, used 0K [0x000000076c000000, 0x000000077e380000, 0x00000007c0000000)
  eden space 177152K, 0% used [0x000000076c000000,0x000000076c000000,0x0000000776d00000)
  from space 10752K, 0% used [0x0000000776d00000,0x0000000776d00000,0x0000000777780000)
  to   space 19456K, 0% used [0x000000077d080000,0x000000077d080000,0x000000077e380000)
 ParOldGen       total 188928K, used 24142K [0x00000006c4000000, 0x00000006cf880000, 0x000000076c000000)
  object space 188928K, 12% used [0x00000006c4000000,0x00000006c5793858,0x00000006cf880000)
 Metaspace       used 34783K, capacity 35220K, committed 35496K, reserved 1081344K
  class space    used 4196K, capacity 4309K, committed 4400K, reserved 1048576K
}
Event: 12.270 GC heap before
{Heap before GC invocations=8 (full 2):
 PSYoungGen      total 187904K, used 177152K [0x000000076c000000, 0x000000077e380000, 0x00000007c0000000)
  eden space 177152K, 100% used [0x000000076c000000,0x0000000776d00000,0x0000000776d00000)
  from space 10752K, 0% used [0x0000000776d00000,0x0000000776d00000,0x0000000777780000)
  to   space 19456K, 0% used [0x000000077d080000,0x000000077d080000,0x000000077e380000)
 ParOldGen       total 188928K, used 24142K [0x00000006c4000000, 0x00000006cf880000, 0x000000076c000000)
  object space 188928K, 12% used [0x00000006c4000000,0x00000006c5793858,0x00000006cf880000)
 Metaspace       used 37167K, capacity 37678K, committed 37936K, reserved 1083392K
  class space    used 4490K, capacity 4618K, committed 4656K, reserved 1048576K
Event: 12.280 GC heap after
Heap after GC invocations=8 (full 2):
 PSYoungGen      total 256000K, used 8280K [0x000000076c000000, 0x000000077d900000, 0x00000007c0000000)
  eden space 247296K, 0% used [0x000000076c000000,0x000000076c000000,0x000000077b180000)
  from space 8704K, 95% used [0x000000077d080000,0x000000077d896190,0x000000077d900000)
  to   space 19968K, 0% used [0x000000077b200000,0x000000077b200000,0x000000077c580000)
 ParOldGen       total 188928K, used 24150K [0x00000006c4000000, 0x00000006cf880000, 0x000000076c000000)
  object space 188928K, 12% used [0x00000006c4000000,0x00000006c5795858,0x00000006cf880000)
 Metaspace       used 37167K, capacity 37678K, committed 37936K, reserved 1083392K
  class space    used 4490K, capacity 4618K, committed 4656K, reserved 1048576K
}

