# JRE version: Java(TM) SE Runtime Environment (8.0_131-b11) (build 1.8.0_131-b11)
# Java VM: Java HotSpot(TM) 64-Bit Server VM (25.131-b11 mixed mode windows-amd64 compressed oops)
Heap:
 PSYoungGen      total 116736K, used 69162K [0x000000076c000000, 0x0000000777500000, 0x00000007c0000000)
  eden space 89088K, 46% used [0x000000076c000000,0x000000076e88bdd0,0x0000000771700000)
  from space 27648K, 99% used [0x0000000771700000,0x00000007731fecb0,0x0000000773200000)
  to   space 38400K, 0% used [0x0000000774f80000,0x0000000774f80000,0x0000000777500000)
 ParOldGen       total 196096K, used 60384K [0x00000006c4000000, 0x00000006cff80000, 0x000000076c000000)
  object space 196096K, 30% used [0x00000006c4000000,0x00000006c7af8028,0x00000006cff80000)
 Metaspace       used 47755K, capacity 48562K, committed 48816K, reserved 1093632K
  class space    used 5305K, capacity 5475K, committed 5552K, reserved 1048576K
GC Heap History (10 events):
Event: 1158.279 GC heap before
{Heap before GC invocations=13 (full 2):
 PSYoungGen      total 109056K, used 108898K [0x000000076c000000, 0x0000000775400000, 0x00000007c0000000)
  eden space 103424K, 100% used [0x000000076c000000,0x0000000772500000,0x0000000772500000)
  from space 5632K, 97% used [0x0000000774e80000,0x00000007753d8948,0x0000000775400000)
  to   space 18944K, 0% used [0x0000000772f00000,0x0000000772f00000,0x0000000774180000)
 ParOldGen       total 196096K, used 24899K [0x00000006c4000000, 0x00000006cff80000, 0x000000076c000000)
  object space 196096K, 12% used [0x00000006c4000000,0x00000006c5850c18,0x00000006cff80000)
 Metaspace       used 45477K, capacity 46058K, committed 46256K, reserved 1089536K
  class space    used 5050K, capacity 5187K, committed 5296K, reserved 1048576K
Event: 1158.284 GC heap after
Heap after GC invocations=13 (full 2):
 PSYoungGen      total 107520K, used 5442K [0x000000076c000000, 0x0000000774f00000, 0x00000007c0000000)
  eden space 101888K, 0% used [0x000000076c000000,0x000000076c000000,0x0000000772380000)
  from space 5632K, 96% used [0x0000000772f00000,0x0000000773450948,0x0000000773480000)
  to   space 18944K, 0% used [0x0000000773c80000,0x0000000773c80000,0x0000000774f00000)
 ParOldGen       total 196096K, used 24907K [0x00000006c4000000, 0x00000006cff80000, 0x000000076c000000)
  object space 196096K, 12% used [0x00000006c4000000,0x00000006c5852c18,0x00000006cff80000)
 Metaspace       used 45477K, capacity 46058K, committed 46256K, reserved 1089536K
  class space    used 5050K, capacity 5187K, committed 5296K, reserved 1048576K
}
Event: 1159.478 GC heap before
{Heap before GC invocations=14 (full 2):
 PSYoungGen      total 107520K, used 107330K [0x000000076c000000, 0x0000000774f00000, 0x00000007c0000000)
  eden space 101888K, 100% used [0x000000076c000000,0x0000000772380000,0x0000000772380000)
  from space 5632K, 96% used [0x0000000772f00000,0x0000000773450948,0x0000000773480000)
  to   space 18944K, 0% used [0x0000000773c80000,0x0000000773c80000,0x0000000774f00000)
 ParOldGen       total 196096K, used 24907K [0x00000006c4000000, 0x00000006cff80000, 0x000000076c000000)
  object space 196096K, 12% used [0x00000006c4000000,0x00000006c5852c18,0x00000006cff80000)
 Metaspace       used 45477K, capacity 46058K, committed 46256K, reserved 1089536K
  class space    used 5050K, capacity 5187K, committed 5296K, reserved 1048576K
Event: 1159.482 GC heap after
Heap after GC invocations=14 (full 2):
 PSYoungGen      total 110080K, used 5474K [0x000000076c000000, 0x0000000774600000, 0x00000007c0000000)
  eden space 100352K, 0% used [0x000000076c000000,0x000000076c000000,0x0000000772200000)
  from space 9728K, 56% used [0x0000000773c80000,0x00000007741d8928,0x0000000774600000)
  to   space 18432K, 0% used [0x0000000772200000,0x0000000772200000,0x0000000773400000)
 ParOldGen       total 196096K, used 24915K [0x00000006c4000000, 0x00000006cff80000, 0x000000076c000000)
  object space 196096K, 12% used [0x00000006c4000000,0x00000006c5854c18,0x00000006cff80000)
 Metaspace       used 45477K, capacity 46058K, committed 46256K, reserved 1089536K
  class space    used 5050K, capacity 5187K, committed 5296K, reserved 1048576K
}
Event: 1160.605 GC heap before
{Heap before GC invocations=15 (full 2):
 PSYoungGen      total 110080K, used 105826K [0x000000076c000000, 0x0000000774600000, 0x00000007c0000000)
  eden space 100352K, 100% used [0x000000076c000000,0x0000000772200000,0x0000000772200000)
  from space 9728K, 56% used [0x0000000773c80000,0x00000007741d8928,0x0000000774600000)
  to   space 18432K, 0% used [0x0000000772200000,0x0000000772200000,0x0000000773400000)
 ParOldGen       total 196096K, used 24915K [0x00000006c4000000, 0x00000006cff80000, 0x000000076c000000)
  object space 196096K, 12% used [0x00000006c4000000,0x00000006c5854c18,0x00000006cff80000)
 Metaspace       used 45478K, capacity 46058K, committed 46256K, reserved 1089536K
  class space    used 5050K, capacity 5187K, committed 5296K, reserved 1048576K
Event: 1160.609 GC heap after
Heap after GC invocations=15 (full 2):
 PSYoungGen      total 104448K, used 5394K [0x000000076c000000, 0x0000000774380000, 0x00000007c0000000)
  eden space 98816K, 0% used [0x000000076c000000,0x000000076c000000,0x0000000772080000)
  from space 5632K, 95% used [0x0000000772200000,0x00000007727449c0,0x0000000772780000)
  to   space 17920K, 0% used [0x0000000773200000,0x0000000773200000,0x0000000774380000)
 ParOldGen       total 196096K, used 24915K [0x00000006c4000000, 0x00000006cff80000, 0x000000076c000000)
  object space 196096K, 12% used [0x00000006c4000000,0x00000006c5854c18,0x00000006cff80000)
 Metaspace       used 45478K, capacity 46058K, committed 46256K, reserved 1089536K
  class space    used 5050K, capacity 5187K, committed 5296K, reserved 1048576K
}
Event: 1328.408 GC heap before
{Heap before GC invocations=16 (full 2):
 PSYoungGen      total 104448K, used 104210K [0x000000076c000000, 0x0000000774380000, 0x00000007c0000000)
  eden space 98816K, 100% used [0x000000076c000000,0x0000000772080000,0x0000000772080000)
  from space 5632K, 95% used [0x0000000772200000,0x00000007727449c0,0x0000000772780000)
  to   space 17920K, 0% used [0x0000000773200000,0x0000000773200000,0x0000000774380000)
 ParOldGen       total 196096K, used 24915K [0x00000006c4000000, 0x00000006cff80000, 0x000000076c000000)
  object space 196096K, 12% used [0x00000006c4000000,0x00000006c5854c18,0x00000006cff80000)
 Metaspace       used 45793K, capacity 46396K, committed 46768K, reserved 1091584K
  class space    used 5073K, capacity 5201K, committed 5296K, reserved 1048576K
Event: 1328.424 GC heap after
Heap after GC invocations=16 (full 2):
 PSYoungGen      total 107008K, used 17907K [0x000000076c000000, 0x0000000775500000, 0x00000007c0000000)
  eden space 89088K, 0% used [0x000000076c000000,0x000000076c000000,0x0000000771700000)
  from space 17920K, 99% used [0x0000000773200000,0x000000077437cdf8,0x0000000774380000)
  to   space 27648K, 0% used [0x0000000771700000,0x0000000771700000,0x0000000773200000)
 ParOldGen       total 196096K, used 43220K [0x00000006c4000000, 0x00000006cff80000, 0x000000076c000000)
  object space 196096K, 22% used [0x00000006c4000000,0x00000006c6a35298,0x00000006cff80000)
 Metaspace       used 45793K, capacity 46396K, committed 46768K, reserved 1091584K
  class space    used 5073K, capacity 5201K, committed 5296K, reserved 1048576K
}
Event: 1329.053 GC heap before
{Heap before GC invocations=17 (full 2):
 PSYoungGen      total 107008K, used 106995K [0x000000076c000000, 0x0000000775500000, 0x00000007c0000000)
  eden space 89088K, 100% used [0x000000076c000000,0x0000000771700000,0x0000000771700000)
  from space 17920K, 99% used [0x0000000773200000,0x000000077437cdf8,0x0000000774380000)
  to   space 27648K, 0% used [0x0000000771700000,0x0000000771700000,0x0000000773200000)
 ParOldGen       total 196096K, used 43220K [0x00000006c4000000, 0x00000006cff80000, 0x000000076c000000)
  object space 196096K, 22% used [0x00000006c4000000,0x00000006c6a35298,0x00000006cff80000)
 Metaspace       used 47401K, capacity 48178K, committed 48304K, reserved 1091584K
  class space    used 5284K, capacity 5475K, committed 5552K, reserved 1048576K
Event: 1329.075 GC heap after
Heap after GC invocations=17 (full 2):
 PSYoungGen      total 116736K, used 27643K [0x000000076c000000, 0x0000000777500000, 0x00000007c0000000)
  eden space 89088K, 0% used [0x000000076c000000,0x000000076c000000,0x0000000771700000)
  from space 27648K, 99% used [0x0000000771700000,0x00000007731fecb0,0x0000000773200000)
  to   space 38400K, 0% used [0x0000000774f80000,0x0000000774f80000,0x0000000777500000)
 ParOldGen       total 196096K, used 60384K [0x00000006c4000000, 0x00000006cff80000, 0x000000076c000000)
  object space 196096K, 30% used [0x00000006c4000000,0x00000006c7af8028,0x00000006cff80000)
 Metaspace       used 47401K, capacity 48178K, committed 48304K, reserved 1091584K
  class space    used 5284K, capacity 5475K, committed 5552K, reserved 1048576K
}

